============================= test session starts ==============================
platform darwin -- Python 3.13.2, pytest-7.4.0, pluggy-1.6.0 -- /Users/laureendademeule/Documents/Projets/P7/.venv/bin/python
cachedir: .pytest_cache
rootdir: /Users/laureendademeule/Documents/Projets/P7/air-paradis-sentiment
configfile: pytest.ini
plugins: anyio-4.13.0
collecting ... collected 11 items

tests/test_api.py::test_health_endpoint PASSED                           [  9%]
tests/test_api.py::test_predict_endpoint PASSED                          [ 18%]
tests/test_api.py::test_predict_empty_text_rejected PASSED               [ 27%]
tests/test_api.py::test_feedback_endpoint PASSED                         [ 36%]
tests/test_models.py::test_load_cleaned_dataset_splits PASSED            [ 45%]
tests/test_models.py::test_load_cleaned_dataset_stratified PASSED        [ 54%]
tests/test_monitoring.py::test_track_misclassification_without_connection_string PASSED [ 63%]
tests/test_monitoring.py::test_alert_threshold PASSED                    [ 72%]
tests/test_preprocessing.py::test_clean_text_removes_url PASSED          [ 81%]
tests/test_preprocessing.py::test_clean_text_lowercase PASSED            [ 90%]
tests/test_preprocessing.py::test_clean_text_removes_mention PASSED      [100%]

============================== 11 passed in 7.99s ==============================
